<?xml version="1.0" encoding="UTF-8"?>
<!-- Generated by org.testng.reporters.JUnitXMLReporter -->
<testsuite hostname="PC290-PC" name="login" tests="3" failures="0" timestamp="27 Apr 2015 07:10:45 GMT" time="73.372" errors="0">
  <testcase name="testGmailLogin" time="14.883" classname="com.testframework.testscripts.GmailLogin"/>
  <testcase name="testLogOut" time="24.739" classname="com.testframework.testscripts.GmailLogout"/>
  <testcase name="testSearchGoogle" time="2.748" classname="com.testframework.testscripts.SearchGoogle"/>
</testsuite> <!-- login -->
