<?xml version="1.0" encoding="UTF-8"?>
<!-- Generated by org.testng.reporters.JUnitXMLReporter -->
<testsuite hostname="PC290-PC" name="login" tests="3" failures="0" timestamp="27 Apr 2015 06:51:01 GMT" time="92.755" errors="0">
  <testcase name="testGmailLogin" time="25.029" classname="com.testframework.testscripts.GmailLogin"/>
  <testcase name="testLogOut" time="26.131" classname="com.testframework.testscripts.GmailLogout"/>
  <testcase name="testSearchGoogle" time="3.8" classname="com.testframework.testscripts.SearchGoogle"/>
</testsuite> <!-- login -->
