<?xml version="1.0" encoding="UTF-8"?>
<testng-results skipped="0" failed="0" total="3" passed="3">
  <reporter-output>
  </reporter-output>
  <suite name="Smoke" duration-ms="92755" started-at="2015-04-27T06:49:28Z" finished-at="2015-04-27T06:51:01Z">
    <groups>
    </groups>
    <test name="login" duration-ms="92755" started-at="2015-04-27T06:49:28Z" finished-at="2015-04-27T06:51:01Z">
      <class name="com.testframework.testscripts.GmailLogout">
        <test-method status="PASS" signature="setUp()[pri:0, instance:com.testframework.testscripts.GmailLogout@1531931]" name="setUp" is-config="true" duration-ms="9881" started-at="2015-04-27T12:20:11Z" finished-at="2015-04-27T12:20:21Z">
          <reporter-output>
          </reporter-output>
        </test-method> <!-- setUp -->
        <test-method status="PASS" signature="testLogOut()[pri:0, instance:com.testframework.testscripts.GmailLogout@1531931]" name="testLogOut" duration-ms="26131" started-at="2015-04-27T12:20:21Z" finished-at="2015-04-27T12:20:47Z">
          <reporter-output>
          </reporter-output>
        </test-method> <!-- testLogOut -->
        <test-method status="PASS" signature="getScreenshotOnFailed(org.testng.ITestResult)[pri:0, instance:com.testframework.testscripts.GmailLogout@1531931]" name="getScreenshotOnFailed" is-config="true" duration-ms="0" started-at="2015-04-27T12:20:47Z" finished-at="2015-04-27T12:20:47Z">
          <params>
            <param index="0">
              <value>
                <![CDATA[[TestResult name=testLogOut status=SUCCESS method=GmailLogout.testLogOut()[pri:0, instance:com.testframework.testscripts.GmailLogout@1531931] output={null}]]]>
              </value>
            </param>
          </params>
          <reporter-output>
          </reporter-output>
        </test-method> <!-- getScreenshotOnFailed -->
        <test-method status="PASS" signature="tearDown()[pri:0, instance:com.testframework.testscripts.GmailLogout@1531931]" name="tearDown" is-config="true" duration-ms="396" started-at="2015-04-27T12:20:47Z" finished-at="2015-04-27T12:20:47Z">
          <reporter-output>
          </reporter-output>
        </test-method> <!-- tearDown -->
      </class> <!-- com.testframework.testscripts.GmailLogout -->
      <class name="com.testframework.testscripts.GmailLogin">
        <test-method status="PASS" signature="setUp()[pri:0, instance:com.testframework.testscripts.GmailLogin@39699c]" name="setUp" is-config="true" duration-ms="17360" started-at="2015-04-27T12:19:28Z" finished-at="2015-04-27T12:19:45Z">
          <reporter-output>
          </reporter-output>
        </test-method> <!-- setUp -->
        <test-method status="PASS" signature="testGmailLogin()[pri:0, instance:com.testframework.testscripts.GmailLogin@39699c]" name="testGmailLogin" duration-ms="25029" started-at="2015-04-27T12:19:45Z" finished-at="2015-04-27T12:20:10Z">
          <reporter-output>
          </reporter-output>
        </test-method> <!-- testGmailLogin -->
        <test-method status="PASS" signature="getScreenshotOnFailed(org.testng.ITestResult)[pri:0, instance:com.testframework.testscripts.GmailLogin@39699c]" name="getScreenshotOnFailed" is-config="true" duration-ms="1" started-at="2015-04-27T12:20:10Z" finished-at="2015-04-27T12:20:10Z">
          <params>
            <param index="0">
              <value>
                <![CDATA[[TestResult name=testGmailLogin status=SUCCESS method=GmailLogin.testGmailLogin()[pri:0, instance:com.testframework.testscripts.GmailLogin@39699c] output={null}]]]>
              </value>
            </param>
          </params>
          <reporter-output>
          </reporter-output>
        </test-method> <!-- getScreenshotOnFailed -->
        <test-method status="PASS" signature="tearDown()[pri:0, instance:com.testframework.testscripts.GmailLogin@39699c]" name="tearDown" is-config="true" duration-ms="510" started-at="2015-04-27T12:20:10Z" finished-at="2015-04-27T12:20:11Z">
          <reporter-output>
          </reporter-output>
        </test-method> <!-- tearDown -->
      </class> <!-- com.testframework.testscripts.GmailLogin -->
      <class name="com.testframework.testscripts.SearchGoogle">
        <test-method status="PASS" signature="setUp()[pri:0, instance:com.testframework.testscripts.SearchGoogle@b5cdba]" name="setUp" is-config="true" duration-ms="9308" started-at="2015-04-27T12:20:47Z" finished-at="2015-04-27T12:20:57Z">
          <reporter-output>
          </reporter-output>
        </test-method> <!-- setUp -->
        <test-method status="PASS" signature="testSearchGoogle()[pri:0, instance:com.testframework.testscripts.SearchGoogle@b5cdba]" name="testSearchGoogle" duration-ms="3800" started-at="2015-04-27T12:20:57Z" finished-at="2015-04-27T12:21:00Z">
          <reporter-output>
          </reporter-output>
        </test-method> <!-- testSearchGoogle -->
        <test-method status="PASS" signature="getScreenshotOnFailed(org.testng.ITestResult)[pri:0, instance:com.testframework.testscripts.SearchGoogle@b5cdba]" name="getScreenshotOnFailed" is-config="true" duration-ms="1" started-at="2015-04-27T12:21:00Z" finished-at="2015-04-27T12:21:00Z">
          <params>
            <param index="0">
              <value>
                <![CDATA[[TestResult name=testSearchGoogle status=SUCCESS method=SearchGoogle.testSearchGoogle()[pri:0, instance:com.testframework.testscripts.SearchGoogle@b5cdba] output={null}]]]>
              </value>
            </param>
          </params>
          <reporter-output>
          </reporter-output>
        </test-method> <!-- getScreenshotOnFailed -->
        <test-method status="PASS" signature="tearDown()[pri:0, instance:com.testframework.testscripts.SearchGoogle@b5cdba]" name="tearDown" is-config="true" duration-ms="306" started-at="2015-04-27T12:21:00Z" finished-at="2015-04-27T12:21:01Z">
          <reporter-output>
          </reporter-output>
        </test-method> <!-- tearDown -->
      </class> <!-- com.testframework.testscripts.SearchGoogle -->
    </test> <!-- login -->
  </suite> <!-- Smoke -->
</testng-results>
